# JRE version: OpenJDK Runtime Environment (11.0.12+7) (build 11.0.12+7-b1504.28-7817840)
# Java VM: OpenJDK 64-Bit Server VM (11.0.12+7-b1504.28-7817840, mixed mode, tiered, compressed oops, g1 gc, windows-amd64)
Heap:
 garbage-first heap   total 267264K, used 130855K [0x0000000080000000, 0x0000000100000000)
  region size 1024K, 23 young (23552K), 11 survivors (11264K)
 Metaspace       used 119207K, capacity 122493K, committed 122684K, reserved 1155072K
  class space    used 15348K, capacity 16609K, committed 16680K, reserved 1048576K
GC Heap History (20 events):
Event: 8.527 GC heap before
{Heap before GC invocations=11 (full 0):
 garbage-first heap   total 251904K, used 167153K [0x0000000080000000, 0x0000000100000000)
  region size 1024K, 115 young (117760K), 9 survivors (9216K)
 Metaspace       used 75711K, capacity 77454K, committed 77604K, reserved 1116160K
  class space    used 9735K, capacity 10384K, committed 10408K, reserved 1048576K
}
Event: 8.533 GC heap after
{Heap after GC invocations=12 (full 0):
 garbage-first heap   total 251904K, used 66155K [0x0000000080000000, 0x0000000100000000)
  region size 1024K, 14 young (14336K), 14 survivors (14336K)
 Metaspace       used 75711K, capacity 77454K, committed 77604K, reserved 1116160K
  class space    used 9735K, capacity 10384K, committed 10408K, reserved 1048576K
}
Event: 9.474 GC heap before
{Heap before GC invocations=12 (full 0):
 garbage-first heap   total 251904K, used 175723K [0x0000000080000000, 0x0000000100000000)
  region size 1024K, 121 young (123904K), 14 survivors (14336K)
 Metaspace       used 83852K, capacity 85720K, committed 86052K, reserved 1124352K
  class space    used 10846K, capacity 11571K, committed 11688K, reserved 1048576K
}
Event: 9.482 GC heap after
{Heap after GC invocations=13 (full 0):
 garbage-first heap   total 251904K, used 73268K [0x0000000080000000, 0x0000000100000000)
  region size 1024K, 15 young (15360K), 15 survivors (15360K)
 Metaspace       used 83852K, capacity 85720K, committed 86052K, reserved 1124352K
  class space    used 10846K, capacity 11571K, committed 11688K, reserved 1048576K
}
Event: 10.417 GC heap before
{Heap before GC invocations=13 (full 0):
 garbage-first heap   total 251904K, used 180788K [0x0000000080000000, 0x0000000100000000)
  region size 1024K, 121 young (123904K), 15 survivors (15360K)
 Metaspace       used 89992K, capacity 92447K, committed 92708K, reserved 1130496K
  class space    used 11657K, capacity 12586K, committed 12712K, reserved 1048576K
}
Event: 10.427 GC heap after
{Heap after GC invocations=14 (full 0):
 garbage-first heap   total 251904K, used 82402K [0x0000000080000000, 0x0000000100000000)
  region size 1024K, 16 young (16384K), 16 survivors (16384K)
 Metaspace       used 89992K, capacity 92447K, committed 92708K, reserved 1130496K
  class space    used 11657K, capacity 12586K, committed 12712K, reserved 1048576K
}
Event: 10.826 GC heap before
{Heap before GC invocations=14 (full 0):
 garbage-first heap   total 251904K, used 186850K [0x0000000080000000, 0x0000000100000000)
  region size 1024K, 119 young (121856K), 16 survivors (16384K)
 Metaspace       used 90836K, capacity 93305K, committed 93476K, reserved 1130496K
  class space    used 11706K, capacity 12618K, committed 12712K, reserved 1048576K
}
Event: 10.837 GC heap after
{Heap after GC invocations=15 (full 0):
 garbage-first heap   total 251904K, used 91421K [0x0000000080000000, 0x0000000100000000)
  region size 1024K, 9 young (9216K), 9 survivors (9216K)
 Metaspace       used 90836K, capacity 93305K, committed 93476K, reserved 1130496K
  class space    used 11706K, capacity 12618K, committed 12712K, reserved 1048576K
}
Event: 11.350 GC heap before
{Heap before GC invocations=15 (full 0):
 garbage-first heap   total 251904K, used 191773K [0x0000000080000000, 0x0000000100000000)
  region size 1024K, 108 young (110592K), 9 survivors (9216K)
 Metaspace       used 94736K, capacity 97272K, committed 97572K, reserved 1134592K
  class space    used 12196K, capacity 13137K, committed 13224K, reserved 1048576K
}
Event: 11.355 GC heap after
{Heap after GC invocations=16 (full 0):
 garbage-first heap   total 251904K, used 95943K [0x0000000080000000, 0x0000000100000000)
  region size 1024K, 5 young (5120K), 5 survivors (5120K)
 Metaspace       used 94736K, capacity 97272K, committed 97572K, reserved 1134592K
  class space    used 12196K, capacity 13137K, committed 13224K, reserved 1048576K
}
Event: 11.814 GC heap before
{Heap before GC invocations=16 (full 0):
 garbage-first heap   total 251904K, used 145095K [0x0000000080000000, 0x0000000100000000)
  region size 1024K, 54 young (55296K), 5 survivors (5120K)
 Metaspace       used 97931K, capacity 100487K, committed 100668K, reserved 1136640K
  class space    used 12560K, capacity 13502K, committed 13608K, reserved 1048576K
}
Event: 11.824 GC heap after
{Heap after GC invocations=17 (full 0):
 garbage-first heap   total 251904K, used 98792K [0x0000000080000000, 0x0000000100000000)
  region size 1024K, 8 young (8192K), 8 survivors (8192K)
 Metaspace       used 97931K, capacity 100487K, committed 100668K, reserved 1136640K
  class space    used 12560K, capacity 13502K, committed 13608K, reserved 1048576K
}
Event: 18.296 GC heap before
{Heap before GC invocations=18 (full 0):
 garbage-first heap   total 251904K, used 193000K [0x0000000080000000, 0x0000000100000000)
  region size 1024K, 101 young (103424K), 8 survivors (8192K)
 Metaspace       used 100059K, capacity 102523K, committed 102972K, reserved 1138688K
  class space    used 12812K, capacity 13695K, committed 13864K, reserved 1048576K
}
Event: 18.303 GC heap after
{Heap after GC invocations=19 (full 0):
 garbage-first heap   total 251904K, used 104321K [0x0000000080000000, 0x0000000100000000)
  region size 1024K, 9 young (9216K), 9 survivors (9216K)
 Metaspace       used 100059K, capacity 102523K, committed 102972K, reserved 1138688K
  class space    used 12812K, capacity 13695K, committed 13864K, reserved 1048576K
}
Event: 19.000 GC heap before
{Heap before GC invocations=20 (full 0):
 garbage-first heap   total 251904K, used 197505K [0x0000000080000000, 0x0000000100000000)
  region size 1024K, 101 young (103424K), 9 survivors (9216K)
 Metaspace       used 110726K, capacity 113788K, committed 113980K, reserved 1148928K
  class space    used 14372K, capacity 15529K, committed 15656K, reserved 1048576K
}
Event: 19.007 GC heap after
{Heap after GC invocations=21 (full 0):
 garbage-first heap   total 251904K, used 108233K [0x0000000080000000, 0x0000000100000000)
  region size 1024K, 10 young (10240K), 10 survivors (10240K)
 Metaspace       used 110726K, capacity 113788K, committed 113980K, reserved 1148928K
  class space    used 14372K, capacity 15529K, committed 15656K, reserved 1048576K
}
Event: 19.465 GC heap before
{Heap before GC invocations=21 (full 0):
 garbage-first heap   total 251904K, used 174793K [0x0000000080000000, 0x0000000100000000)
  region size 1024K, 63 young (64512K), 10 survivors (10240K)
 Metaspace       used 114561K, capacity 117841K, committed 117948K, reserved 1150976K
  class space    used 14984K, capacity 16220K, committed 16296K, reserved 1048576K
}
Event: 19.471 GC heap after
{Heap after GC invocations=22 (full 0):
 garbage-first heap   total 251904K, used 126569K [0x0000000080000000, 0x0000000100000000)
  region size 1024K, 9 young (9216K), 9 survivors (9216K)
 Metaspace       used 114561K, capacity 117841K, committed 117948K, reserved 1150976K
  class space    used 14984K, capacity 16220K, committed 16296K, reserved 1048576K
}
Event: 54.474 GC heap before
{Heap before GC invocations=23 (full 0):
 garbage-first heap   total 251904K, used 249449K [0x0000000080000000, 0x0000000100000000)
  region size 1024K, 88 young (90112K), 9 survivors (9216K)
 Metaspace       used 119160K, capacity 122484K, committed 122684K, reserved 1155072K
  class space    used 15347K, capacity 16607K, committed 16680K, reserved 1048576K
}
Event: 54.491 GC heap after
{Heap after GC invocations=24 (full 0):
 garbage-first heap   total 267264K, used 119591K [0x0000000080000000, 0x0000000100000000)
  region size 1024K, 11 young (11264K), 11 survivors (11264K)
 Metaspace       used 119160K, capacity 122484K, committed 122684K, reserved 1155072K
  class space    used 15347K, capacity 16607K, committed 16680K, reserved 1048576K
}

