# JRE version: OpenJDK Runtime Environment (11.0.12+7) (build 11.0.12+7-b1504.28-7817840)
# Java VM: OpenJDK 64-Bit Server VM (11.0.12+7-b1504.28-7817840, mixed mode, tiered, compressed oops, g1 gc, windows-amd64)
Heap:
 garbage-first heap   total 251904K, used 68729K [0x0000000080000000, 0x0000000100000000)
  region size 1024K, 20 young (20480K), 8 survivors (8192K)
 Metaspace       used 68834K, capacity 70322K, committed 70600K, reserved 1110016K
  class space    used 8661K, capacity 9234K, committed 9292K, reserved 1048576K
GC Heap History (16 events):
Event: 1.762 GC heap before
{Heap before GC invocations=0 (full 0):
 garbage-first heap   total 251904K, used 29696K [0x0000000080000000, 0x0000000100000000)
  region size 1024K, 24 young (24576K), 0 survivors (0K)
 Metaspace       used 10233K, capacity 10401K, committed 10624K, reserved 1058816K
  class space    used 1064K, capacity 1108K, committed 1152K, reserved 1048576K
}
Event: 1.771 GC heap after
{Heap after GC invocations=1 (full 0):
 garbage-first heap   total 251904K, used 9335K [0x0000000080000000, 0x0000000100000000)
  region size 1024K, 3 young (3072K), 3 survivors (3072K)
 Metaspace       used 10233K, capacity 10401K, committed 10624K, reserved 1058816K
  class space    used 1064K, capacity 1108K, committed 1152K, reserved 1048576K
}
Event: 6.355 GC heap before
{Heap before GC invocations=1 (full 0):
 garbage-first heap   total 251904K, used 113783K [0x0000000080000000, 0x0000000100000000)
  region size 1024K, 105 young (107520K), 3 survivors (3072K)
 Metaspace       used 20741K, capacity 21177K, committed 21296K, reserved 1069056K
  class space    used 2539K, capacity 2680K, committed 2688K, reserved 1048576K
}
Event: 6.370 GC heap after
{Heap after GC invocations=2 (full 0):
 garbage-first heap   total 251904K, used 16589K [0x0000000080000000, 0x0000000100000000)
  region size 1024K, 11 young (11264K), 11 survivors (11264K)
 Metaspace       used 20741K, capacity 21177K, committed 21296K, reserved 1069056K
  class space    used 2539K, capacity 2680K, committed 2688K, reserved 1048576K
}
Event: 6.785 GC heap before
{Heap before GC invocations=3 (full 0):
 garbage-first heap   total 251904K, used 35021K [0x0000000080000000, 0x0000000100000000)
  region size 1024K, 30 young (30720K), 11 survivors (11264K)
 Metaspace       used 22800K, capacity 23244K, committed 23472K, reserved 1069056K
  class space    used 2863K, capacity 3034K, committed 3072K, reserved 1048576K
}
Event: 6.794 GC heap after
{Heap after GC invocations=4 (full 0):
 garbage-first heap   total 251904K, used 17522K [0x0000000080000000, 0x0000000100000000)
  region size 1024K, 2 young (2048K), 2 survivors (2048K)
 Metaspace       used 22800K, capacity 23244K, committed 23472K, reserved 1069056K
  class space    used 2863K, capacity 3034K, committed 3072K, reserved 1048576K
}
Event: 10.007 GC heap before
{Heap before GC invocations=4 (full 0):
 garbage-first heap   total 251904K, used 110706K [0x0000000080000000, 0x0000000100000000)
  region size 1024K, 94 young (96256K), 2 survivors (2048K)
 Metaspace       used 34847K, capacity 35630K, committed 35708K, reserved 1081344K
  class space    used 4500K, capacity 4807K, committed 4864K, reserved 1048576K
}
Event: 10.026 GC heap after
{Heap after GC invocations=5 (full 0):
 garbage-first heap   total 251904K, used 21619K [0x0000000080000000, 0x0000000100000000)
  region size 1024K, 6 young (6144K), 6 survivors (6144K)
 Metaspace       used 34847K, capacity 35630K, committed 35708K, reserved 1081344K
  class space    used 4500K, capacity 4807K, committed 4864K, reserved 1048576K
}
Event: 12.673 GC heap before
{Heap before GC invocations=6 (full 0):
 garbage-first heap   total 251904K, used 156787K [0x0000000080000000, 0x0000000100000000)
  region size 1024K, 135 young (138240K), 6 survivors (6144K)
 Metaspace       used 46007K, capacity 47144K, committed 47432K, reserved 1091584K
  class space    used 5905K, capacity 6287K, committed 6348K, reserved 1048576K
}
Event: 12.690 GC heap after
{Heap after GC invocations=7 (full 0):
 garbage-first heap   total 251904K, used 29489K [0x0000000080000000, 0x0000000100000000)
  region size 1024K, 13 young (13312K), 13 survivors (13312K)
 Metaspace       used 46007K, capacity 47144K, committed 47432K, reserved 1091584K
  class space    used 5905K, capacity 6287K, committed 6348K, reserved 1048576K
}
Event: 14.878 GC heap before
{Heap before GC invocations=7 (full 0):
 garbage-first heap   total 251904K, used 174897K [0x0000000080000000, 0x0000000100000000)
  region size 1024K, 147 young (150528K), 13 survivors (13312K)
 Metaspace       used 54112K, capacity 55466K, committed 55752K, reserved 1097728K
  class space    used 6872K, capacity 7374K, committed 7500K, reserved 1048576K
}
Event: 14.890 GC heap after
{Heap after GC invocations=8 (full 0):
 garbage-first heap   total 251904K, used 49599K [0x0000000080000000, 0x0000000100000000)
  region size 1024K, 19 young (19456K), 19 survivors (19456K)
 Metaspace       used 54112K, capacity 55466K, committed 55752K, reserved 1097728K
  class space    used 6872K, capacity 7374K, committed 7500K, reserved 1048576K
}
Event: 15.359 GC heap before
{Heap before GC invocations=8 (full 0):
 garbage-first heap   total 251904K, used 76223K [0x0000000080000000, 0x0000000100000000)
  region size 1024K, 46 young (47104K), 19 survivors (19456K)
 Metaspace       used 58526K, capacity 59912K, committed 59976K, reserved 1101824K
  class space    used 7352K, capacity 7852K, committed 7884K, reserved 1048576K
}
Event: 15.377 GC heap after
{Heap after GC invocations=9 (full 0):
 garbage-first heap   total 251904K, used 52970K [0x0000000080000000, 0x0000000100000000)
  region size 1024K, 3 young (3072K), 3 survivors (3072K)
 Metaspace       used 58526K, capacity 59912K, committed 59976K, reserved 1101824K
  class space    used 7352K, capacity 7852K, committed 7884K, reserved 1048576K
}
Event: 16.986 GC heap before
{Heap before GC invocations=10 (full 0):
 garbage-first heap   total 251904K, used 143082K [0x0000000080000000, 0x0000000100000000)
  region size 1024K, 91 young (93184K), 3 survivors (3072K)
 Metaspace       used 67733K, capacity 69276K, committed 69448K, reserved 1110016K
  class space    used 8532K, capacity 9101K, committed 9164K, reserved 1048576K
}
Event: 16.992 GC heap after
{Heap after GC invocations=11 (full 0):
 garbage-first heap   total 251904K, used 57465K [0x0000000080000000, 0x0000000100000000)
  region size 1024K, 8 young (8192K), 8 survivors (8192K)
 Metaspace       used 67733K, capacity 69276K, committed 69448K, reserved 1110016K
  class space    used 8532K, capacity 9101K, committed 9164K, reserved 1048576K
}

